[debug] [2018-05-26T14:00:56.057Z] ----------------------------------------------------------------------
[debug] [2018-05-26T14:00:56.060Z] Command:       C:\Program Files\nodejs\node.exe C:\Users\ahin9\AppData\Roaming\npm\node_modules\firebase-tools\bin\firebase deploy
[debug] [2018-05-26T14:00:56.060Z] CLI Version:   3.18.5
[debug] [2018-05-26T14:00:56.060Z] Platform:      win32
[debug] [2018-05-26T14:00:56.060Z] Node Version:  v9.5.0
[debug] [2018-05-26T14:00:56.062Z] Time:          Sat May 26 2018 23:00:56 GMT+0900 (대한민국 표준시)
[debug] [2018-05-26T14:00:56.062Z] ----------------------------------------------------------------------
[debug] 
[debug] [2018-05-26T14:00:56.077Z] > command requires scopes: ["email","openid","https://www.googleapis.com/auth/cloudplatformprojects.readonly","https://www.googleapis.com/auth/firebase","https://www.googleapis.com/auth/cloud-platform"]
[debug] [2018-05-26T14:00:56.078Z] > authorizing via signed-in user
[debug] [2018-05-26T14:00:56.081Z] >>> HTTP REQUEST GET https://admin.firebase.com/v1/projects/pwa-sixsense  
  
 Sat May 26 2018 23:00:56 GMT+0900 (대한민국 표준시)
[debug] [2018-05-26T14:00:57.105Z] <<< HTTP RESPONSE 200
[debug] [2018-05-26T14:00:57.105Z] >>> HTTP REQUEST GET https://admin.firebase.com/v1/database/pwa-sixsense/tokens  
  
 Sat May 26 2018 23:00:57 GMT+0900 (대한민국 표준시)
[debug] [2018-05-26T14:00:57.805Z] <<< HTTP RESPONSE 200
[info] 
[info] === Deploying to 'pwa-sixsense'...
[info] 
[info] i  deploying database, functions, hosting
[info] Running command: npm --prefix "$RESOURCE_DIR" run lint
[info] +  functions: Finished running predeploy script.
[info] i  database: checking rules syntax...
[debug] [2018-05-26T14:01:06.904Z] >>> HTTP REQUEST PUT https://pwa-sixsense.firebaseio.com/.settings/rules.json?dryRun=true  
 {
  "rules": {
    ".read": true,
    ".write": true
  }
}
 
 Sat May 26 2018 23:01:06 GMT+0900 (대한민국 표준시)
[debug] [2018-05-26T14:01:07.699Z] <<< HTTP RESPONSE 200
[info] +  database: rules syntax for database pwa-sixsense is valid
[debug] [2018-05-26T14:01:07.703Z] > [functions] package.json contents: {
  "name": "functions",
  "description": "Cloud Functions for Firebase",
  "scripts": {
    "lint": "eslint .",
    "serve": "firebase serve --only functions",
    "shell": "firebase functions:shell",
    "start": "npm run shell",
    "deploy": "firebase deploy --only functions",
    "logs": "firebase functions:log"
  },
  "dependencies": {
    "cheerio": "^1.0.0-rc.2",
    "firebase": "^5.0.4",
    "firebase-admin": "^5.12.1",
    "firebase-functions": "^1.0.3",
    "node-schedule": "^1.3.0",
    "request": "^2.87.0"
  },
  "devDependencies": {
    "eslint": "^4.12.0",
    "eslint-plugin-promise": "^3.6.0"
  },
  "private": true
}
[info] i  functions: ensuring necessary APIs are enabled...
[debug] [2018-05-26T14:01:07.705Z] >>> HTTP REQUEST GET https://servicemanagement.googleapis.com/v1/services/cloudfunctions.googleapis.com/projectSettings/pwa-sixsense?view=CONSUMER_VIEW  
  
 Sat May 26 2018 23:01:07 GMT+0900 (대한민국 표준시)
[debug] [2018-05-26T14:01:07.706Z] >>> HTTP REQUEST GET https://servicemanagement.googleapis.com/v1/services/runtimeconfig.googleapis.com/projectSettings/pwa-sixsense?view=CONSUMER_VIEW  
  
 Sat May 26 2018 23:01:07 GMT+0900 (대한민국 표준시)
[debug] [2018-05-26T14:01:09.180Z] <<< HTTP RESPONSE 200
[debug] [2018-05-26T14:01:09.297Z] <<< HTTP RESPONSE 200
[info] +  functions: all necessary APIs are enabled
[debug] [2018-05-26T14:01:09.299Z] >>> HTTP REQUEST GET https://cloudresourcemanager.googleapis.com/v1/projects/pwa-sixsense  
  
 Sat May 26 2018 23:01:09 GMT+0900 (대한민국 표준시)
[debug] [2018-05-26T14:01:10.160Z] <<< HTTP RESPONSE 200
[debug] [2018-05-26T14:01:10.171Z] >>> HTTP REQUEST GET https://mobilesdk-pa.googleapis.com/v1/projects/870211420843:getServerAppConfig  
  
 Sat May 26 2018 23:01:10 GMT+0900 (대한민국 표준시)
[debug] [2018-05-26T14:01:11.035Z] <<< HTTP RESPONSE 200
[info] i  functions: preparing functions directory for uploading...
[debug] [2018-05-26T14:01:11.039Z] >>> HTTP REQUEST GET https://runtimeconfig.googleapis.com/v1beta1/projects/pwa-sixsense/configs  
  
 Sat May 26 2018 23:01:11 GMT+0900 (대한민국 표준시)
[debug] [2018-05-26T14:01:11.516Z] <<< HTTP RESPONSE 200
[info] i  functions: packaged functions (59.15 KB) for uploading
[debug] [2018-05-26T14:01:13.116Z] >>> HTTP REQUEST POST https://cloudfunctions.googleapis.com/v1/projects/pwa-sixsense/locations/us-central1/functions:generateUploadUrl  
  
 Sat May 26 2018 23:01:13 GMT+0900 (대한민국 표준시)
[debug] [2018-05-26T14:01:13.631Z] <<< HTTP RESPONSE 200
[debug] [2018-05-26T14:01:13.632Z] >>> HTTP REQUEST PUT https://storage.googleapis.com/gcf-upload-us-central1-756d6941-d586-4503-b003-2937a9a0efdb/e170e802-1235-48d0-bdb1-6de2d380c23f.zip?GoogleAccessId=870211420843@cloudservices.gserviceaccount.com&Expires=1527345075&Signature=1TesiFF3cFY8p%2BRWcrp1ivOhBFIChnDAKtVB0UNmmAY%2BVkbWkyOCI9KpE7qg2GEg6PfILJGYzwq5R59WD9Rx6nDhOoL117WU%2FfKWGNC2bH1j6v5k2Vp3Tum9GcCOd6ml4bpmIJG8YNtaN6%2BYeHeMsJoXzHfiUJrgW0p%2FzXibJWw7cnbsLK%2BJHrU47k9x7rZbIfLzMQ2Uae1mWI8mXIMu%2B4ZQs6PnlF3F5EL9vNDq%2FJPrLLE0XQVVeR4qV32r5%2BCe1djBRl8uLABKhfJz%2BjZco9nSWkXdOlkJsfRUhauwSKFjcl1gnGuLRVoJeJ9LGWwYV9yZ6jck9tvqch5Aqmq3YA%3D%3D  
 ReadStream {
  _readableState: 
   ReadableState {
     objectMode: false,
     highWaterMark: 65536,
     buffer: BufferList { head: [Object], tail: [Object], length: 1 },
     length: 60574,
     pipes: null,
     pipesCount: 0,
     flowing: null,
     ended: true,
     endEmitted: false,
     reading: false,
     sync: false,
     needReadable: false,
     emittedReadable: true,
     readableListening: false,
     resumeScheduled: false,
     destroyed: false,
     defaultEncoding: 'utf8',
     awaitDrain: 0,
     readingMore: false,
     decoder: null,
     encoding: null },
  readable: true,
  domain: null,
  _events: { end: [Function] },
  _eventsCount: 1,
  _maxListeners: undefined,
  path: 'C:\\Users\\ahin9\\AppData\\Local\\Temp\\firebase-functions-5960PQeciWrEdqte.zip',
  fd: 5,
  flags: 'r',
  mode: 438,
  start: 0,
  end: Infinity,
  autoClose: true,
  pos: 131072,
  bytesRead: 60574,
  closed: false } 
 Sat May 26 2018 23:01:13 GMT+0900 (대한민국 표준시)
[debug] [2018-05-26T14:01:14.300Z] <<< HTTP RESPONSE 200
[info] +  functions: functions folder uploaded successfully
[info] i  hosting: preparing public directory for upload...
[debug] [2018-05-26T14:01:14.368Z] >>> HTTP REQUEST PUT https://deploy.firebase.com/v1/hosting/pwa-sixsense/uploads/-LDRkCBYciAFzqbFf0hj?fileCount=31&message=  
  
 Sat May 26 2018 23:01:14 GMT+0900 (대한민국 표준시)
[debug] [2018-05-26T14:01:15.839Z] <<< HTTP RESPONSE 200
[debug] [2018-05-26T14:01:15.840Z] [hosting] .tgz uploaded successfully, waiting for extraction
[info] +  hosting: 31 files uploaded successfully
[debug] [2018-05-26T14:01:16.798Z] [hosting] deploy completed after 2496ms
[info] i  database: releasing rules...
[debug] [2018-05-26T14:01:17.047Z] >>> HTTP REQUEST PUT https://pwa-sixsense.firebaseio.com/.settings/rules.json  
 {
  "rules": {
    ".read": true,
    ".write": true
  }
}
 
 Sat May 26 2018 23:01:17 GMT+0900 (대한민국 표준시)
[debug] [2018-05-26T14:01:17.693Z] <<< HTTP RESPONSE 200
[info] +  database: rules for database pwa-sixsense released successfully
[debug] [2018-05-26T14:01:17.695Z] >>> HTTP REQUEST GET https://cloudfunctions.googleapis.com/v1/projects/pwa-sixsense/locations/us-central1/functions  
  
 Sat May 26 2018 23:01:17 GMT+0900 (대한민국 표준시)
[debug] [2018-05-26T14:01:18.117Z] <<< HTTP RESPONSE 200
[info] i  functions: updating function UpdateCurrentWthr...
[debug] [2018-05-26T14:01:18.120Z] Trigger is:  {"eventTrigger":{"resource":"projects/_/instances/pwa-sixsense/refs/weather/current","eventType":"providers/google.firebase.database/eventTypes/ref.write","service":"firebaseio.com"}}
[info] i  functions: updating function PushMessage...
[debug] [2018-05-26T14:01:18.121Z] Trigger is:  {"eventTrigger":{"resource":"projects/_/instances/pwa-sixsense/refs/fcmTokens/time","eventType":"providers/google.firebase.database/eventTypes/ref.create","service":"firebaseio.com"}}
[debug] [2018-05-26T14:01:18.124Z] >>> HTTP REQUEST PATCH https://cloudfunctions.googleapis.com/v1/projects/pwa-sixsense/locations/us-central1/functions/UpdateCurrentWthr 
query params: {"updateMask":"sourceUploadUrl,name,labels,eventTrigger.resource,eventTrigger.eventType,eventTrigger.service"} 
 { sourceUploadUrl: 'https://storage.googleapis.com/gcf-upload-us-central1-756d6941-d586-4503-b003-2937a9a0efdb/e170e802-1235-48d0-bdb1-6de2d380c23f.zip?GoogleAccessId=870211420843@cloudservices.gserviceaccount.com&Expires=1527345075&Signature=1TesiFF3cFY8p%2BRWcrp1ivOhBFIChnDAKtVB0UNmmAY%2BVkbWkyOCI9KpE7qg2GEg6PfILJGYzwq5R59WD9Rx6nDhOoL117WU%2FfKWGNC2bH1j6v5k2Vp3Tum9GcCOd6ml4bpmIJG8YNtaN6%2BYeHeMsJoXzHfiUJrgW0p%2FzXibJWw7cnbsLK%2BJHrU47k9x7rZbIfLzMQ2Uae1mWI8mXIMu%2B4ZQs6PnlF3F5EL9vNDq%2FJPrLLE0XQVVeR4qV32r5%2BCe1djBRl8uLABKhfJz%2BjZco9nSWkXdOlkJsfRUhauwSKFjcl1gnGuLRVoJeJ9LGWwYV9yZ6jck9tvqch5Aqmq3YA%3D%3D',
  name: 'projects/pwa-sixsense/locations/us-central1/functions/UpdateCurrentWthr',
  labels: { 'deployment-tool': 'cli-firebase' },
  eventTrigger: 
   { resource: 'projects/_/instances/pwa-sixsense/refs/weather/current',
     eventType: 'providers/google.firebase.database/eventTypes/ref.write',
     service: 'firebaseio.com' } } 
 Sat May 26 2018 23:01:18 GMT+0900 (대한민국 표준시)
[debug] [2018-05-26T14:01:18.126Z] >>> HTTP REQUEST PATCH https://cloudfunctions.googleapis.com/v1/projects/pwa-sixsense/locations/us-central1/functions/PushMessage 
query params: {"updateMask":"sourceUploadUrl,name,labels,eventTrigger.resource,eventTrigger.eventType,eventTrigger.service"} 
 { sourceUploadUrl: 'https://storage.googleapis.com/gcf-upload-us-central1-756d6941-d586-4503-b003-2937a9a0efdb/e170e802-1235-48d0-bdb1-6de2d380c23f.zip?GoogleAccessId=870211420843@cloudservices.gserviceaccount.com&Expires=1527345075&Signature=1TesiFF3cFY8p%2BRWcrp1ivOhBFIChnDAKtVB0UNmmAY%2BVkbWkyOCI9KpE7qg2GEg6PfILJGYzwq5R59WD9Rx6nDhOoL117WU%2FfKWGNC2bH1j6v5k2Vp3Tum9GcCOd6ml4bpmIJG8YNtaN6%2BYeHeMsJoXzHfiUJrgW0p%2FzXibJWw7cnbsLK%2BJHrU47k9x7rZbIfLzMQ2Uae1mWI8mXIMu%2B4ZQs6PnlF3F5EL9vNDq%2FJPrLLE0XQVVeR4qV32r5%2BCe1djBRl8uLABKhfJz%2BjZco9nSWkXdOlkJsfRUhauwSKFjcl1gnGuLRVoJeJ9LGWwYV9yZ6jck9tvqch5Aqmq3YA%3D%3D',
  name: 'projects/pwa-sixsense/locations/us-central1/functions/PushMessage',
  labels: { 'deployment-tool': 'cli-firebase' },
  eventTrigger: 
   { resource: 'projects/_/instances/pwa-sixsense/refs/fcmTokens/time',
     eventType: 'providers/google.firebase.database/eventTypes/ref.create',
     service: 'firebaseio.com' } } 
 Sat May 26 2018 23:01:18 GMT+0900 (대한민국 표준시)
[debug] [2018-05-26T14:01:18.673Z] <<< HTTP RESPONSE 200
[debug] [2018-05-26T14:01:18.726Z] <<< HTTP RESPONSE 200
[debug] [2018-05-26T14:01:18.728Z] >>> HTTP REQUEST GET https://cloudfunctions.googleapis.com/v1/operations/cHdhLXNpeHNlbnNlL3VzLWNlbnRyYWwxL1VwZGF0ZUN1cnJlbnRXdGhyL2VLX3NSQVJ2MFVR  
  
 Sat May 26 2018 23:01:18 GMT+0900 (대한민국 표준시)
[debug] [2018-05-26T14:01:18.728Z] >>> HTTP REQUEST GET https://cloudfunctions.googleapis.com/v1/operations/cHdhLXNpeHNlbnNlL3VzLWNlbnRyYWwxL1B1c2hNZXNzYWdlL2JHYWJBZkJ4aXVV  
  
 Sat May 26 2018 23:01:18 GMT+0900 (대한민국 표준시)
[debug] [2018-05-26T14:01:19.119Z] <<< HTTP RESPONSE 200
[debug] [2018-05-26T14:01:19.130Z] <<< HTTP RESPONSE 200
[debug] [2018-05-26T14:01:21.119Z] >>> HTTP REQUEST GET https://cloudfunctions.googleapis.com/v1/operations/cHdhLXNpeHNlbnNlL3VzLWNlbnRyYWwxL1B1c2hNZXNzYWdlL2JHYWJBZkJ4aXVV  
  
 Sat May 26 2018 23:01:21 GMT+0900 (대한민국 표준시)
[debug] [2018-05-26T14:01:21.131Z] >>> HTTP REQUEST GET https://cloudfunctions.googleapis.com/v1/operations/cHdhLXNpeHNlbnNlL3VzLWNlbnRyYWwxL1VwZGF0ZUN1cnJlbnRXdGhyL2VLX3NSQVJ2MFVR  
  
 Sat May 26 2018 23:01:21 GMT+0900 (대한민국 표준시)
[debug] [2018-05-26T14:01:21.504Z] <<< HTTP RESPONSE 200
[debug] [2018-05-26T14:01:22.130Z] <<< HTTP RESPONSE 200
[debug] [2018-05-26T14:01:23.507Z] >>> HTTP REQUEST GET https://cloudfunctions.googleapis.com/v1/operations/cHdhLXNpeHNlbnNlL3VzLWNlbnRyYWwxL1B1c2hNZXNzYWdlL2JHYWJBZkJ4aXVV  
  
 Sat May 26 2018 23:01:23 GMT+0900 (대한민국 표준시)
[debug] [2018-05-26T14:01:23.882Z] <<< HTTP RESPONSE 200
[debug] [2018-05-26T14:01:24.132Z] >>> HTTP REQUEST GET https://cloudfunctions.googleapis.com/v1/operations/cHdhLXNpeHNlbnNlL3VzLWNlbnRyYWwxL1VwZGF0ZUN1cnJlbnRXdGhyL2VLX3NSQVJ2MFVR  
  
 Sat May 26 2018 23:01:24 GMT+0900 (대한민국 표준시)
[debug] [2018-05-26T14:01:24.497Z] <<< HTTP RESPONSE 200
[debug] [2018-05-26T14:01:25.883Z] >>> HTTP REQUEST GET https://cloudfunctions.googleapis.com/v1/operations/cHdhLXNpeHNlbnNlL3VzLWNlbnRyYWwxL1B1c2hNZXNzYWdlL2JHYWJBZkJ4aXVV  
  
 Sat May 26 2018 23:01:25 GMT+0900 (대한민국 표준시)
[debug] [2018-05-26T14:01:26.252Z] <<< HTTP RESPONSE 200
[debug] [2018-05-26T14:01:26.498Z] >>> HTTP REQUEST GET https://cloudfunctions.googleapis.com/v1/operations/cHdhLXNpeHNlbnNlL3VzLWNlbnRyYWwxL1VwZGF0ZUN1cnJlbnRXdGhyL2VLX3NSQVJ2MFVR  
  
 Sat May 26 2018 23:01:26 GMT+0900 (대한민국 표준시)
[debug] [2018-05-26T14:01:26.880Z] <<< HTTP RESPONSE 200
[debug] [2018-05-26T14:01:28.253Z] >>> HTTP REQUEST GET https://cloudfunctions.googleapis.com/v1/operations/cHdhLXNpeHNlbnNlL3VzLWNlbnRyYWwxL1B1c2hNZXNzYWdlL2JHYWJBZkJ4aXVV  
  
 Sat May 26 2018 23:01:28 GMT+0900 (대한민국 표준시)
[debug] [2018-05-26T14:01:28.618Z] <<< HTTP RESPONSE 200
[debug] [2018-05-26T14:01:28.881Z] >>> HTTP REQUEST GET https://cloudfunctions.googleapis.com/v1/operations/cHdhLXNpeHNlbnNlL3VzLWNlbnRyYWwxL1VwZGF0ZUN1cnJlbnRXdGhyL2VLX3NSQVJ2MFVR  
  
 Sat May 26 2018 23:01:28 GMT+0900 (대한민국 표준시)
[debug] [2018-05-26T14:01:29.231Z] <<< HTTP RESPONSE 200
[debug] [2018-05-26T14:01:30.619Z] >>> HTTP REQUEST GET https://cloudfunctions.googleapis.com/v1/operations/cHdhLXNpeHNlbnNlL3VzLWNlbnRyYWwxL1B1c2hNZXNzYWdlL2JHYWJBZkJ4aXVV  
  
 Sat May 26 2018 23:01:30 GMT+0900 (대한민국 표준시)
[debug] [2018-05-26T14:01:31.012Z] <<< HTTP RESPONSE 200
[debug] [2018-05-26T14:01:31.232Z] >>> HTTP REQUEST GET https://cloudfunctions.googleapis.com/v1/operations/cHdhLXNpeHNlbnNlL3VzLWNlbnRyYWwxL1VwZGF0ZUN1cnJlbnRXdGhyL2VLX3NSQVJ2MFVR  
  
 Sat May 26 2018 23:01:31 GMT+0900 (대한민국 표준시)
[debug] [2018-05-26T14:01:31.583Z] <<< HTTP RESPONSE 200
